<?xml version="1.0" encoding="UTF-8"?>
<testsuite xmlns:xsi="http://www.w3.org/2001/XMLSchema-instance" xsi:noNamespaceSchemaLocation="https://maven.apache.org/surefire/maven-surefire-plugin/xsd/surefire-test-report.xsd" name="embedded.tomcat.AppTest" time="0.024" tests="1" errors="0" skipped="0" failures="0">
  <properties>
    <property name="java.specification.version" value="17"/>
    <property name="sun.cpu.isalist" value="amd64"/>
    <property name="sun.jnu.encoding" value="Cp1252"/>
    <property name="java.class.path" value="C:\Users\TD\IdeaProjects\embeddedTomcat\target\test-classes;C:\Users\TD\IdeaProjects\embeddedTomcat\target\classes;C:\Users\TD\.m2\repository\org\apache\tomcat\embed\tomcat-embed-core\10.1.5\tomcat-embed-core-10.1.5.jar;C:\Users\TD\.m2\repository\org\apache\tomcat\tomcat-annotations-api\10.1.5\tomcat-annotations-api-10.1.5.jar;C:\Users\TD\.m2\repository\org\apache\tomcat\embed\tomcat-embed-jasper\10.1.5\tomcat-embed-jasper-10.1.5.jar;C:\Users\TD\.m2\repository\org\apache\tomcat\embed\tomcat-embed-el\10.1.5\tomcat-embed-el-10.1.5.jar;C:\Users\TD\.m2\repository\org\eclipse\jdt\ecj\3.32.0\ecj-3.32.0.jar;C:\Users\TD\.m2\repository\org\apache\tomcat\tomcat-jasper\10.1.5\tomcat-jasper-10.1.5.jar;C:\Users\TD\.m2\repository\org\apache\tomcat\tomcat-servlet-api\10.1.5\tomcat-servlet-api-10.1.5.jar;C:\Users\TD\.m2\repository\org\apache\tomcat\tomcat-juli\10.1.5\tomcat-juli-10.1.5.jar;C:\Users\TD\.m2\repository\org\apache\tomcat\tomcat-el-api\10.1.5\tomcat-el-api-10.1.5.jar;C:\Users\TD\.m2\repository\org\apache\tomcat\tomcat-api\10.1.5\tomcat-api-10.1.5.jar;C:\Users\TD\.m2\repository\org\apache\tomcat\tomcat-util-scan\10.1.5\tomcat-util-scan-10.1.5.jar;C:\Users\TD\.m2\repository\org\apache\tomcat\tomcat-util\10.1.5\tomcat-util-10.1.5.jar;C:\Users\TD\.m2\repository\org\apache\tomcat\tomcat-jasper-el\10.1.5\tomcat-jasper-el-10.1.5.jar;C:\Users\TD\.m2\repository\org\apache\tomcat\tomcat-jsp-api\10.1.5\tomcat-jsp-api-10.1.5.jar;C:\Users\TD\.m2\repository\com\google\code\gson\gson\2.10.1\gson-2.10.1.jar;C:\Users\TD\.m2\repository\org\mybatis\mybatis\3.5.9\mybatis-3.5.9.jar;C:\Users\TD\.m2\repository\org\mariadb\jdbc\mariadb-java-client\3.1.0\mariadb-java-client-3.1.0.jar;C:\Users\TD\.m2\repository\com\github\waffle\waffle-jna\3.2.0\waffle-jna-3.2.0.jar;C:\Users\TD\.m2\repository\net\java\dev\jna\jna\5.12.1\jna-5.12.1.jar;C:\Users\TD\.m2\repository\net\java\dev\jna\jna-platform\5.12.1\jna-platform-5.12.1.jar;C:\Users\TD\.m2\repository\org\slf4j\jcl-over-slf4j\1.7.36\jcl-over-slf4j-1.7.36.jar;C:\Users\TD\.m2\repository\org\slf4j\slf4j-api\1.7.36\slf4j-api-1.7.36.jar;C:\Users\TD\.m2\repository\com\github\ben-manes\caffeine\caffeine\2.9.3\caffeine-2.9.3.jar;C:\Users\TD\.m2\repository\com\google\errorprone\error_prone_annotations\2.10.0\error_prone_annotations-2.10.0.jar;C:\Users\TD\.m2\repository\org\checkerframework\checker-qual\3.23.0\checker-qual-3.23.0.jar;C:\Users\TD\.m2\repository\junit\junit\4.11\junit-4.11.jar;C:\Users\TD\.m2\repository\org\hamcrest\hamcrest-core\1.3\hamcrest-core-1.3.jar;C:\Users\TD\.m2\repository\org\jetbrains\annotations-java5\24.0.0\annotations-java5-24.0.0.jar;"/>
    <property name="java.vm.vendor" value="Oracle Corporation"/>
    <property name="sun.arch.data.model" value="64"/>
    <property name="user.variant" value=""/>
    <property name="java.vendor.url" value="https://java.oracle.com/"/>
    <property name="user.timezone" value="Europe/Sofia"/>
    <property name="os.name" value="Windows 11"/>
    <property name="java.vm.specification.version" value="17"/>
    <property name="sun.java.launcher" value="SUN_STANDARD"/>
    <property name="user.country" value="US"/>
    <property name="sun.boot.library.path" value="C:\Program Files\Java\jdk-17.0.4\bin"/>
    <property name="sun.java.command" value="C:\Users\TD\AppData\Local\Temp\surefire9145661103735725522\surefirebooter11976059044337837913.jar C:\Users\TD\AppData\Local\Temp\surefire9145661103735725522 2023-01-27T14-49-27_081-jvmRun1 surefire16537614078063360992tmp surefire_06730680021402478393tmp"/>
    <property name="jdk.debug" value="release"/>
    <property name="surefire.test.class.path" value="C:\Users\TD\IdeaProjects\embeddedTomcat\target\test-classes;C:\Users\TD\IdeaProjects\embeddedTomcat\target\classes;C:\Users\TD\.m2\repository\org\apache\tomcat\embed\tomcat-embed-core\10.1.5\tomcat-embed-core-10.1.5.jar;C:\Users\TD\.m2\repository\org\apache\tomcat\tomcat-annotations-api\10.1.5\tomcat-annotations-api-10.1.5.jar;C:\Users\TD\.m2\repository\org\apache\tomcat\embed\tomcat-embed-jasper\10.1.5\tomcat-embed-jasper-10.1.5.jar;C:\Users\TD\.m2\repository\org\apache\tomcat\embed\tomcat-embed-el\10.1.5\tomcat-embed-el-10.1.5.jar;C:\Users\TD\.m2\repository\org\eclipse\jdt\ecj\3.32.0\ecj-3.32.0.jar;C:\Users\TD\.m2\repository\org\apache\tomcat\tomcat-jasper\10.1.5\tomcat-jasper-10.1.5.jar;C:\Users\TD\.m2\repository\org\apache\tomcat\tomcat-servlet-api\10.1.5\tomcat-servlet-api-10.1.5.jar;C:\Users\TD\.m2\repository\org\apache\tomcat\tomcat-juli\10.1.5\tomcat-juli-10.1.5.jar;C:\Users\TD\.m2\repository\org\apache\tomcat\tomcat-el-api\10.1.5\tomcat-el-api-10.1.5.jar;C:\Users\TD\.m2\repository\org\apache\tomcat\tomcat-api\10.1.5\tomcat-api-10.1.5.jar;C:\Users\TD\.m2\repository\org\apache\tomcat\tomcat-util-scan\10.1.5\tomcat-util-scan-10.1.5.jar;C:\Users\TD\.m2\repository\org\apache\tomcat\tomcat-util\10.1.5\tomcat-util-10.1.5.jar;C:\Users\TD\.m2\repository\org\apache\tomcat\tomcat-jasper-el\10.1.5\tomcat-jasper-el-10.1.5.jar;C:\Users\TD\.m2\repository\org\apache\tomcat\tomcat-jsp-api\10.1.5\tomcat-jsp-api-10.1.5.jar;C:\Users\TD\.m2\repository\com\google\code\gson\gson\2.10.1\gson-2.10.1.jar;C:\Users\TD\.m2\repository\org\mybatis\mybatis\3.5.9\mybatis-3.5.9.jar;C:\Users\TD\.m2\repository\org\mariadb\jdbc\mariadb-java-client\3.1.0\mariadb-java-client-3.1.0.jar;C:\Users\TD\.m2\repository\com\github\waffle\waffle-jna\3.2.0\waffle-jna-3.2.0.jar;C:\Users\TD\.m2\repository\net\java\dev\jna\jna\5.12.1\jna-5.12.1.jar;C:\Users\TD\.m2\repository\net\java\dev\jna\jna-platform\5.12.1\jna-platform-5.12.1.jar;C:\Users\TD\.m2\repository\org\slf4j\jcl-over-slf4j\1.7.36\jcl-over-slf4j-1.7.36.jar;C:\Users\TD\.m2\repository\org\slf4j\slf4j-api\1.7.36\slf4j-api-1.7.36.jar;C:\Users\TD\.m2\repository\com\github\ben-manes\caffeine\caffeine\2.9.3\caffeine-2.9.3.jar;C:\Users\TD\.m2\repository\com\google\errorprone\error_prone_annotations\2.10.0\error_prone_annotations-2.10.0.jar;C:\Users\TD\.m2\repository\org\checkerframework\checker-qual\3.23.0\checker-qual-3.23.0.jar;C:\Users\TD\.m2\repository\junit\junit\4.11\junit-4.11.jar;C:\Users\TD\.m2\repository\org\hamcrest\hamcrest-core\1.3\hamcrest-core-1.3.jar;C:\Users\TD\.m2\repository\org\jetbrains\annotations-java5\24.0.0\annotations-java5-24.0.0.jar;"/>
    <property name="sun.cpu.endian" value="little"/>
    <property name="user.home" value="C:\Users\TD"/>
    <property name="user.language" value="en"/>
    <property name="java.specification.vendor" value="Oracle Corporation"/>
    <property name="java.version.date" value="2022-07-19"/>
    <property name="java.home" value="C:\Program Files\Java\jdk-17.0.4"/>
    <property name="file.separator" value="\"/>
    <property name="basedir" value="C:\Users\TD\IdeaProjects\embeddedTomcat"/>
    <property name="java.vm.compressedOopsMode" value="32-bit"/>
    <property name="line.separator" value="&#10;"/>
    <property name="java.vm.specification.vendor" value="Oracle Corporation"/>
    <property name="java.specification.name" value="Java Platform API Specification"/>
    <property name="surefire.real.class.path" value="C:\Users\TD\AppData\Local\Temp\surefire9145661103735725522\surefirebooter11976059044337837913.jar"/>
    <property name="user.script" value=""/>
    <property name="sun.management.compiler" value="HotSpot 64-Bit Tiered Compilers"/>
    <property name="java.runtime.version" value="17.0.4+11-LTS-179"/>
    <property name="user.name" value="TD"/>
    <property name="path.separator" value=";"/>
    <property name="os.version" value="10.0"/>
    <property name="java.runtime.name" value="Java(TM) SE Runtime Environment"/>
    <property name="file.encoding" value="Cp1252"/>
    <property name="java.vm.name" value="Java HotSpot(TM) 64-Bit Server VM"/>
    <property name="localRepository" value="C:\Users\TD\.m2\repository"/>
    <property name="java.vendor.url.bug" value="https://bugreport.java.com/bugreport/"/>
    <property name="java.io.tmpdir" value="C:\Users\TD\AppData\Local\Temp\"/>
    <property name="java.version" value="17.0.4"/>
    <property name="user.dir" value="C:\Users\TD\IdeaProjects\embeddedTomcat"/>
    <property name="os.arch" value="amd64"/>
    <property name="java.vm.specification.name" value="Java Virtual Machine Specification"/>
    <property name="sun.os.patch.level" value=""/>
    <property name="native.encoding" value="Cp1252"/>
    <property name="java.library.path" value="C:\Program Files\Java\jdk-17.0.4\bin;C:\Windows\Sun\Java\bin;C:\Windows\system32;C:\Windows;C:\Program Files\Common Files\Oracle\Java\javapath;C:\Windows\system32;C:\Windows;C:\Windows\System32\Wbem;C:\Windows\System32\WindowsPowerShell\v1.0\;C:\Windows\System32\OpenSSH\;C:\Program Files (x86)\NVIDIA Corporation\PhysX\Common;C:\Program Files\NVIDIA Corporation\NVIDIA NvDLISR;C:\Program Files\apache-maven-3.8.6\bin;C:\Users\TD\AppData\Local\Microsoft\WindowsApps;C:\Users\TD\AppData\Local\Programs\Microsoft VS Code\bin;C:\Program Files\apache-maven-3.8.6\bin;C:\Program Files\Java\jdk-17.0.4\bin;;."/>
    <property name="java.vm.info" value="mixed mode, sharing"/>
    <property name="java.vendor" value="Oracle Corporation"/>
    <property name="java.vm.version" value="17.0.4+11-LTS-179"/>
    <property name="sun.io.unicode.encoding" value="UnicodeLittle"/>
    <property name="java.class.version" value="61.0"/>
  </properties>
  <testcase name="shouldAnswerWithTrue" classname="embedded.tomcat.AppTest" time="0.001"/>
</testsuite>